
> rest-express@1.0.0 dev
> cross-env NODE_ENV=development tsx server/index.ts

Re-optimizing dependencies because vite config has changed
12:28:37 PM [express] serving on port 5000
12:30:13 PM [express] GET /api/auth/user 401 in 6ms :: {"message":"Unauthorized"}
Security alert: {
  method: 'GET',
  url: '/api/auth/user',
  ip: '66.241.125.21',
  userAgent: 'Mozilla/5.0 (Windows NT 10.0; Win64; x64) AppleWebKit/537.36 (KHTML, like Gecko) Chrome/139.0.0.0 Safari/537.36',
  statusCode: 401,
  duration: 6,
  timestamp: '2025-08-12T12:30:13.868Z'
}
12:32:00 PM [express] GET /api/auth/user 401 in 4ms :: {"message":"Unauthorized"}
Security alert: {
  method: 'GET',
  url: '/api/auth/user',
  ip: '2a09:8280:1::8f:996:0',
  userAgent: 'Mozilla/5.0 (Macintosh; Intel Mac OS X 10_13_3) AppleWebKit/537.36 (KHTML, like Gecko) Chrome/64.0.3282.186 Safari/537.36',
  statusCode: 401,
  duration: 4,
  timestamp: '2025-08-12T12:32:00.280Z'
}
12:33:09 PM [express] GET /api/auth/user 401 in 1ms :: {"message":"Unauthorized"}
Security alert: {
  method: 'GET',
  url: '/api/auth/user',
  ip: '2a09:8280:1::8f:996:0',
  userAgent: 'Mozilla/5.0 (Macintosh; Intel Mac OS X 10_13_3) AppleWebKit/537.36 (KHTML, like Gecko) Chrome/64.0.3282.186 Safari/537.36',
  statusCode: 401,
  duration: 1,
  timestamp: '2025-08-12T12:33:09.806Z'
}
12:33:57 PM [express] GET /api/auth/user 401 in 1ms :: {"message":"Unauthorized"}
Security alert: {
  method: 'GET',
  url: '/api/auth/user',
  ip: '2a09:8280:1::8f:996:0',
  userAgent: 'Mozilla/5.0 (Macintosh; Intel Mac OS X 10_13_3) AppleWebKit/537.36 (KHTML, like Gecko) Chrome/64.0.3282.186 Safari/537.36',
  statusCode: 401,
  duration: 2,
  timestamp: '2025-08-12T12:33:57.014Z'
}
12:34:33 PM [express] GET /api/auth/user 401 in 1ms :: {"message":"Unauthorized"}
Security alert: {
  method: 'GET',
  url: '/api/auth/user',
  ip: '66.241.125.21',
  userAgent: 'Mozilla/5.0 (Windows NT 10.0; Win64; x64) AppleWebKit/537.36 (KHTML, like Gecko) Chrome/139.0.0.0 Safari/537.36',
  statusCode: 401,
  duration: 2,
  timestamp: '2025-08-12T12:34:33.822Z'
}
12:34:33 PM [express] GET /api/auth/user 401 in 1ms :: {"message":"Unauthorized"}
Security alert: {
  method: 'GET',
  url: '/api/auth/user',
  ip: '2a09:8280:1::8f:996:0',
  userAgent: 'Mozilla/5.0 (Macintosh; Intel Mac OS X 10_13_3) AppleWebKit/537.36 (KHTML, like Gecko) Chrome/64.0.3282.186 Safari/537.36',
  statusCode: 401,
  duration: 1,
  timestamp: '2025-08-12T12:34:33.850Z'
}
